Sun Apr 02 15:30:42 2017 -> factmsieve.py (v0.76)
Sun Apr 02 15:30:42 2017 -> This is client 1 of 1
Sun Apr 02 15:30:42 2017 -> Running on 4 Cores with 1 hyper-thread per Core
Sun Apr 02 15:30:42 2017 -> Working with NAME = c1
Sun Apr 02 15:30:42 2017 -> Running polynomial selection ...
Sun Apr 02 15:30:42 2017 -> ./msieve -s ../../home/shannon/outside/ponder/ponderapr2017/c1.dat -l ../../home/shannon/outside/ponder/ponderapr2017/c1.log -i ../../home/shannon/outside/ponder/ponderapr2017/c1.ini -nf ../../home/shannon/outside/ponder/ponderapr2017/c1.fb -v -np
Sun Apr  2 15:30:42 2017  
Sun Apr  2 15:30:42 2017  
Sun Apr  2 15:30:42 2017  Msieve v. 1.51
Sun Apr  2 15:30:42 2017  random seeds: db21ac31 dea2ddfb
Sun Apr  2 15:30:42 2017  factoring 27771495424394652906650011597233066116343506387184320546233728271726480989807112498372640545334956743914011373 (110 digits)
Sun Apr  2 15:30:43 2017  searching for 15-digit factors
Sun Apr  2 15:30:43 2017  commencing number field sieve (110-digit input)
Sun Apr  2 15:30:43 2017  commencing number field sieve polynomial selection
Sun Apr  2 15:30:43 2017  polynomial degree: 5
Sun Apr  2 15:30:43 2017  max stage 1 norm: 2.04e+16
Sun Apr  2 15:30:43 2017  max stage 2 norm: 8.19e+14
Sun Apr  2 15:30:43 2017  min E-value: 8.42e-10
Sun Apr  2 15:30:43 2017  poly select deadline: 3395
Sun Apr  2 15:30:43 2017  time limit set to 0.94 CPU-hours
Sun Apr  2 15:30:43 2017  expecting poly E from 1.03e-09 to > 1.19e-09
Sun Apr  2 15:30:43 2017  searching leading coefficients from 1 to 98868
Sun Apr  2 21:09:34 2017  polynomial selection complete
Sun Apr  2 21:09:34 2017  R0: -1096962005484834734515
Sun Apr  2 21:09:34 2017  R1: 74726411123
Sun Apr  2 21:09:34 2017  A0: 8122879518357385930740516
Sun Apr  2 21:09:34 2017  A1: 11751067561558618905239
Sun Apr  2 21:09:34 2017  A2: -262539807170976748
Sun Apr  2 21:09:34 2017  A3: -31775002231627
Sun Apr  2 21:09:34 2017  A4: 319388511
Sun Apr  2 21:09:34 2017  A5: 17484
Sun Apr  2 21:09:34 2017  skew 26950.38, size 1.623e-10, alpha -5.315, combined = 1.006e-09 rroots = 5
Sun Apr  2 21:09:34 2017  elapsed time 05:38:52
Sun Apr 02 21:09:34 2017 -> Selected lattice siever: gnfs-lasieve4I13e
Sun Apr 02 21:09:34 2017 -> Creating param file to detect parameter changes...
Sun Apr 02 21:09:34 2017 -> Running setup ...
Sun Apr 02 21:09:34 2017 -> Estimated minimum relations needed: 7.35e+06
Sun Apr 02 21:09:34 2017 -> cleaning up before a restart
Sun Apr 02 21:09:34 2017 -> Running lattice siever ...
Sun Apr 02 21:09:34 2017 -> entering sieving loop
Sun Apr 02 21:09:34 2017 -> making sieve job for q = 1600000 in 1600000 .. 1625000 as file c1.job.T0
Sun Apr 02 21:09:34 2017 -> making sieve job for q = 1625000 in 1625000 .. 1650000 as file c1.job.T1
Sun Apr 02 21:09:34 2017 -> making sieve job for q = 1650000 in 1650000 .. 1675000 as file c1.job.T2
Sun Apr 02 21:09:34 2017 -> making sieve job for q = 1675000 in 1675000 .. 1700000 as file c1.job.T3
Sun Apr 02 21:09:34 2017 -> Lattice sieving algebraic q from 1600000 to 1700000.
Sun Apr 02 21:09:34 2017 -> gnfs-lasieve4I13e -k -o spairs.out.T0 -v -n0 -a c1.job.T0
Sun Apr 02 21:09:34 2017 -> gnfs-lasieve4I13e -k -o spairs.out.T1 -v -n1 -a c1.job.T1
Sun Apr 02 21:09:34 2017 -> gnfs-lasieve4I13e -k -o spairs.out.T2 -v -n2 -a c1.job.T2
Sun Apr 02 21:09:34 2017 -> gnfs-lasieve4I13e -k -o spairs.out.T3 -v -n3 -a c1.job.T3
Sun Apr 02 21:31:10 2017 Found 1157814 relations, 15.8% of the estimated minimum (7350000).
Sun Apr 02 21:31:10 2017 LatSieveTime: 1295.49
Sun Apr 02 21:31:10 2017 -> making sieve job for q = 1700000 in 1700000 .. 1725000 as file c1.job.T0
Sun Apr 02 21:31:10 2017 -> making sieve job for q = 1725000 in 1725000 .. 1750000 as file c1.job.T1
Sun Apr 02 21:31:10 2017 -> making sieve job for q = 1750000 in 1750000 .. 1775000 as file c1.job.T2
Sun Apr 02 21:31:10 2017 -> making sieve job for q = 1775000 in 1775000 .. 1800000 as file c1.job.T3
Sun Apr 02 21:31:10 2017 -> Lattice sieving algebraic q from 1700000 to 1800000.
Sun Apr 02 21:31:10 2017 -> gnfs-lasieve4I13e -k -o spairs.out.T0 -v -n0 -a c1.job.T0
Sun Apr 02 21:31:10 2017 -> gnfs-lasieve4I13e -k -o spairs.out.T1 -v -n1 -a c1.job.T1
Sun Apr 02 21:31:10 2017 -> gnfs-lasieve4I13e -k -o spairs.out.T2 -v -n2 -a c1.job.T2
Sun Apr 02 21:31:10 2017 -> gnfs-lasieve4I13e -k -o spairs.out.T3 -v -n3 -a c1.job.T3
Sun Apr 02 21:53:06 2017 Found 2321605 relations, 31.6% of the estimated minimum (7350000).
Sun Apr 02 21:53:06 2017 LatSieveTime: 1316.36
Sun Apr 02 21:53:06 2017 -> making sieve job for q = 1800000 in 1800000 .. 1825000 as file c1.job.T0
Sun Apr 02 21:53:06 2017 -> making sieve job for q = 1825000 in 1825000 .. 1850000 as file c1.job.T1
Sun Apr 02 21:53:06 2017 -> making sieve job for q = 1850000 in 1850000 .. 1875000 as file c1.job.T2
Sun Apr 02 21:53:06 2017 -> making sieve job for q = 1875000 in 1875000 .. 1900000 as file c1.job.T3
Sun Apr 02 21:53:06 2017 -> Lattice sieving algebraic q from 1800000 to 1900000.
Sun Apr 02 21:53:06 2017 -> gnfs-lasieve4I13e -k -o spairs.out.T0 -v -n0 -a c1.job.T0
Sun Apr 02 21:53:06 2017 -> gnfs-lasieve4I13e -k -o spairs.out.T1 -v -n1 -a c1.job.T1
Sun Apr 02 21:53:06 2017 -> gnfs-lasieve4I13e -k -o spairs.out.T2 -v -n2 -a c1.job.T2
Sun Apr 02 21:53:06 2017 -> gnfs-lasieve4I13e -k -o spairs.out.T3 -v -n3 -a c1.job.T3
Sun Apr 02 22:15:25 2017 Found 3506622 relations, 47.7% of the estimated minimum (7350000).
Sun Apr 02 22:15:25 2017 LatSieveTime: 1338.78
Sun Apr 02 22:15:25 2017 -> making sieve job for q = 1900000 in 1900000 .. 1925000 as file c1.job.T0
Sun Apr 02 22:15:25 2017 -> making sieve job for q = 1925000 in 1925000 .. 1950000 as file c1.job.T1
Sun Apr 02 22:15:25 2017 -> making sieve job for q = 1950000 in 1950000 .. 1975000 as file c1.job.T2
Sun Apr 02 22:15:25 2017 -> making sieve job for q = 1975000 in 1975000 .. 2000000 as file c1.job.T3
Sun Apr 02 22:15:25 2017 -> Lattice sieving algebraic q from 1900000 to 2000000.
Sun Apr 02 22:15:25 2017 -> gnfs-lasieve4I13e -k -o spairs.out.T0 -v -n0 -a c1.job.T0
Sun Apr 02 22:15:25 2017 -> gnfs-lasieve4I13e -k -o spairs.out.T1 -v -n1 -a c1.job.T1
Sun Apr 02 22:15:25 2017 -> gnfs-lasieve4I13e -k -o spairs.out.T2 -v -n2 -a c1.job.T2
Sun Apr 02 22:15:25 2017 -> gnfs-lasieve4I13e -k -o spairs.out.T3 -v -n3 -a c1.job.T3
Sun Apr 02 22:38:04 2017 Found 4686691 relations, 63.8% of the estimated minimum (7350000).
Sun Apr 02 22:38:04 2017 LatSieveTime: 1359.49
Sun Apr 02 22:38:04 2017 -> making sieve job for q = 2000000 in 2000000 .. 2025000 as file c1.job.T0
Sun Apr 02 22:38:04 2017 -> making sieve job for q = 2025000 in 2025000 .. 2050000 as file c1.job.T1
Sun Apr 02 22:38:04 2017 -> making sieve job for q = 2050000 in 2050000 .. 2075000 as file c1.job.T2
Sun Apr 02 22:38:04 2017 -> making sieve job for q = 2075000 in 2075000 .. 2100000 as file c1.job.T3
Sun Apr 02 22:38:04 2017 -> Lattice sieving algebraic q from 2000000 to 2100000.
Sun Apr 02 22:38:04 2017 -> gnfs-lasieve4I13e -k -o spairs.out.T0 -v -n0 -a c1.job.T0
Sun Apr 02 22:38:04 2017 -> gnfs-lasieve4I13e -k -o spairs.out.T1 -v -n1 -a c1.job.T1
Sun Apr 02 22:38:04 2017 -> gnfs-lasieve4I13e -k -o spairs.out.T2 -v -n2 -a c1.job.T2
Sun Apr 02 22:38:04 2017 -> gnfs-lasieve4I13e -k -o spairs.out.T3 -v -n3 -a c1.job.T3
Sun Apr 02 23:00:26 2017 Found 5853715 relations, 79.6% of the estimated minimum (7350000).
Sun Apr 02 23:00:26 2017 LatSieveTime: 1341.09
Sun Apr 02 23:00:26 2017 -> making sieve job for q = 2100000 in 2100000 .. 2125000 as file c1.job.T0
Sun Apr 02 23:00:26 2017 -> making sieve job for q = 2125000 in 2125000 .. 2150000 as file c1.job.T1
Sun Apr 02 23:00:26 2017 -> making sieve job for q = 2150000 in 2150000 .. 2175000 as file c1.job.T2
Sun Apr 02 23:00:26 2017 -> making sieve job for q = 2175000 in 2175000 .. 2200000 as file c1.job.T3
Sun Apr 02 23:00:26 2017 -> Lattice sieving algebraic q from 2100000 to 2200000.
Sun Apr 02 23:00:26 2017 -> gnfs-lasieve4I13e -k -o spairs.out.T0 -v -n0 -a c1.job.T0
Sun Apr 02 23:00:26 2017 -> gnfs-lasieve4I13e -k -o spairs.out.T1 -v -n1 -a c1.job.T1
Sun Apr 02 23:00:26 2017 -> gnfs-lasieve4I13e -k -o spairs.out.T2 -v -n2 -a c1.job.T2
Sun Apr 02 23:00:26 2017 -> gnfs-lasieve4I13e -k -o spairs.out.T3 -v -n3 -a c1.job.T3
Sun Apr 02 23:22:45 2017 Found 7014864 relations, 95.4% of the estimated minimum (7350000).
Sun Apr 02 23:22:45 2017 LatSieveTime: 1339.68
Sun Apr 02 23:22:45 2017 -> making sieve job for q = 2200000 in 2200000 .. 2225000 as file c1.job.T0
Sun Apr 02 23:22:45 2017 -> making sieve job for q = 2225000 in 2225000 .. 2250000 as file c1.job.T1
Sun Apr 02 23:22:45 2017 -> making sieve job for q = 2250000 in 2250000 .. 2275000 as file c1.job.T2
Sun Apr 02 23:22:45 2017 -> making sieve job for q = 2275000 in 2275000 .. 2300000 as file c1.job.T3
Sun Apr 02 23:22:45 2017 -> Lattice sieving algebraic q from 2200000 to 2300000.
Sun Apr 02 23:22:45 2017 -> gnfs-lasieve4I13e -k -o spairs.out.T0 -v -n0 -a c1.job.T0
Sun Apr 02 23:22:45 2017 -> gnfs-lasieve4I13e -k -o spairs.out.T1 -v -n1 -a c1.job.T1
Sun Apr 02 23:22:45 2017 -> gnfs-lasieve4I13e -k -o spairs.out.T2 -v -n2 -a c1.job.T2
Sun Apr 02 23:22:45 2017 -> gnfs-lasieve4I13e -k -o spairs.out.T3 -v -n3 -a c1.job.T3
Sun Apr 02 23:46:10 2017 Found 8163184 relations, 111.1% of the estimated minimum (7350000).
Sun Apr 02 23:46:11 2017 -> ./msieve -s ../../home/shannon/outside/ponder/ponderapr2017/c1.dat -l ../../home/shannon/outside/ponder/ponderapr2017/c1.log -i ../../home/shannon/outside/ponder/ponderapr2017/c1.ini -nf ../../home/shannon/outside/ponder/ponderapr2017/c1.fb -t 4 -nc1
Sun Apr  2 23:46:12 2017  
Sun Apr  2 23:46:12 2017  
Sun Apr  2 23:46:12 2017  Msieve v. 1.51
Sun Apr  2 23:46:12 2017  random seeds: 21c66152 52abbdd1
Sun Apr  2 23:46:12 2017  factoring 27771495424394652906650011597233066116343506387184320546233728271726480989807112498372640545334956743914011373 (110 digits)
Sun Apr  2 23:46:12 2017  searching for 15-digit factors
Sun Apr  2 23:46:12 2017  commencing number field sieve (110-digit input)
Sun Apr  2 23:46:12 2017  R0: -1096962005484834734515
Sun Apr  2 23:46:12 2017  R1: 74726411123
Sun Apr  2 23:46:12 2017  A0: 8122879518357385930740516
Sun Apr  2 23:46:12 2017  A1: 11751067561558618905239
Sun Apr  2 23:46:12 2017  A2: -262539807170976748
Sun Apr  2 23:46:12 2017  A3: -31775002231627
Sun Apr  2 23:46:12 2017  A4: 319388511
Sun Apr  2 23:46:12 2017  A5: 17484
Sun Apr  2 23:46:12 2017  skew 26950.38, size 1.623e-10, alpha -5.315, combined = 1.006e-09 rroots = 5
Sun Apr  2 23:46:12 2017  
Sun Apr  2 23:46:12 2017  commencing relation filtering
Sun Apr  2 23:46:12 2017  estimated available RAM is 11978.7 MB
Sun Apr  2 23:46:12 2017  commencing duplicate removal, pass 1
Sun Apr  2 23:46:37 2017  found 765118 hash collisions in 8163183 relations
Sun Apr  2 23:46:47 2017  added 58618 free relations
Sun Apr  2 23:46:47 2017  commencing duplicate removal, pass 2
Sun Apr  2 23:46:49 2017  found 393025 duplicates and 7828776 unique relations
Sun Apr  2 23:46:49 2017  memory use: 24.6 MB
Sun Apr  2 23:46:49 2017  reading ideals above 100000
Sun Apr  2 23:46:49 2017  commencing singleton removal, initial pass
Sun Apr  2 23:47:27 2017  memory use: 188.2 MB
Sun Apr  2 23:47:27 2017  reading all ideals from disk
Sun Apr  2 23:47:27 2017  memory use: 262.1 MB
Sun Apr  2 23:47:27 2017  keeping 8220067 ideals with weight <= 200, target excess is 55054
Sun Apr  2 23:47:28 2017  commencing in-memory singleton removal
Sun Apr  2 23:47:28 2017  begin with 7828776 relations and 8220067 unique ideals
Sun Apr  2 23:47:31 2017  reduce to 3049734 relations and 2603827 ideals in 13 passes
Sun Apr  2 23:47:31 2017  max relations containing the same ideal: 110
Sun Apr  2 23:47:32 2017  removing 814063 relations and 623041 ideals in 191022 cliques
Sun Apr  2 23:47:32 2017  commencing in-memory singleton removal
Sun Apr  2 23:47:32 2017  begin with 2235671 relations and 2603827 unique ideals
Sun Apr  2 23:47:33 2017  reduce to 2071474 relations and 1803571 ideals in 9 passes
Sun Apr  2 23:47:33 2017  max relations containing the same ideal: 81
Sun Apr  2 23:47:34 2017  removing 656769 relations and 465747 ideals in 191022 cliques
Sun Apr  2 23:47:34 2017  commencing in-memory singleton removal
Sun Apr  2 23:47:34 2017  begin with 1414705 relations and 1803571 unique ideals
Sun Apr  2 23:47:35 2017  reduce to 1263453 relations and 1171895 ideals in 9 passes
Sun Apr  2 23:47:35 2017  max relations containing the same ideal: 59
Sun Apr  2 23:47:35 2017  removing 150501 relations and 122806 ideals in 27695 cliques
Sun Apr  2 23:47:35 2017  commencing in-memory singleton removal
Sun Apr  2 23:47:35 2017  begin with 1112952 relations and 1171895 unique ideals
Sun Apr  2 23:47:36 2017  reduce to 1099843 relations and 1035737 ideals in 7 passes
Sun Apr  2 23:47:36 2017  max relations containing the same ideal: 54
Sun Apr  2 23:47:36 2017  relations with 0 large ideals: 314
Sun Apr  2 23:47:36 2017  relations with 1 large ideals: 3446
Sun Apr  2 23:47:36 2017  relations with 2 large ideals: 25027
Sun Apr  2 23:47:36 2017  relations with 3 large ideals: 99043
Sun Apr  2 23:47:36 2017  relations with 4 large ideals: 226075
Sun Apr  2 23:47:36 2017  relations with 5 large ideals: 309683
Sun Apr  2 23:47:36 2017  relations with 6 large ideals: 260048
Sun Apr  2 23:47:36 2017  relations with 7+ large ideals: 176207
Sun Apr  2 23:47:36 2017  commencing 2-way merge
Sun Apr  2 23:47:37 2017  reduce to 637482 relation sets and 573376 unique ideals
Sun Apr  2 23:47:37 2017  commencing full merge
Sun Apr  2 23:47:43 2017  memory use: 66.8 MB
Sun Apr  2 23:47:43 2017  found 318167 cycles, need 309576
Sun Apr  2 23:47:43 2017  weight of 309576 cycles is about 22021836 (71.14/cycle)
Sun Apr  2 23:47:43 2017  distribution of cycle lengths:
Sun Apr  2 23:47:43 2017  1 relations: 28775
Sun Apr  2 23:47:43 2017  2 relations: 29375
Sun Apr  2 23:47:43 2017  3 relations: 31154
Sun Apr  2 23:47:43 2017  4 relations: 30339
Sun Apr  2 23:47:43 2017  5 relations: 29568
Sun Apr  2 23:47:43 2017  6 relations: 27745
Sun Apr  2 23:47:43 2017  7 relations: 25283
Sun Apr  2 23:47:43 2017  8 relations: 22585
Sun Apr  2 23:47:43 2017  9 relations: 19133
Sun Apr  2 23:47:43 2017  10+ relations: 65619
Sun Apr  2 23:47:43 2017  heaviest cycle: 18 relations
Sun Apr  2 23:47:43 2017  commencing cycle optimization
Sun Apr  2 23:47:43 2017  start with 1947761 relations
Sun Apr  2 23:47:45 2017  pruned 49453 relations
Sun Apr  2 23:47:45 2017  memory use: 63.8 MB
Sun Apr  2 23:47:45 2017  distribution of cycle lengths:
Sun Apr  2 23:47:45 2017  1 relations: 28775
Sun Apr  2 23:47:45 2017  2 relations: 30014
Sun Apr  2 23:47:45 2017  3 relations: 32103
Sun Apr  2 23:47:45 2017  4 relations: 31144
Sun Apr  2 23:47:45 2017  5 relations: 30530
Sun Apr  2 23:47:45 2017  6 relations: 28636
Sun Apr  2 23:47:45 2017  7 relations: 25870
Sun Apr  2 23:47:45 2017  8 relations: 22792
Sun Apr  2 23:47:45 2017  9 relations: 19126
Sun Apr  2 23:47:45 2017  10+ relations: 60586
Sun Apr  2 23:47:45 2017  heaviest cycle: 18 relations
Sun Apr  2 23:47:46 2017  RelProcTime: 94
Sun Apr  2 23:47:46 2017  elapsed time 00:01:34
Sun Apr 02 23:47:46 2017 LatSieveTime: 1500.44
Sun Apr 02 23:47:46 2017 -> Running matrix solving step ...
Sun Apr 02 23:47:46 2017 -> ./msieve -s ../../home/shannon/outside/ponder/ponderapr2017/c1.dat -l ../../home/shannon/outside/ponder/ponderapr2017/c1.log -i ../../home/shannon/outside/ponder/ponderapr2017/c1.ini -nf ../../home/shannon/outside/ponder/ponderapr2017/c1.fb -t 4 -nc2
Sun Apr  2 23:47:46 2017  
Sun Apr  2 23:47:46 2017  
Sun Apr  2 23:47:46 2017  Msieve v. 1.51
Sun Apr  2 23:47:46 2017  random seeds: 176681f2 37b50ba1
Sun Apr  2 23:47:46 2017  factoring 27771495424394652906650011597233066116343506387184320546233728271726480989807112498372640545334956743914011373 (110 digits)
Sun Apr  2 23:47:46 2017  searching for 15-digit factors
Sun Apr  2 23:47:46 2017  commencing number field sieve (110-digit input)
Sun Apr  2 23:47:46 2017  R0: -1096962005484834734515
Sun Apr  2 23:47:46 2017  R1: 74726411123
Sun Apr  2 23:47:46 2017  A0: 8122879518357385930740516
Sun Apr  2 23:47:46 2017  A1: 11751067561558618905239
Sun Apr  2 23:47:46 2017  A2: -262539807170976748
Sun Apr  2 23:47:46 2017  A3: -31775002231627
Sun Apr  2 23:47:46 2017  A4: 319388511
Sun Apr  2 23:47:46 2017  A5: 17484
Sun Apr  2 23:47:46 2017  skew 26950.38, size 1.623e-10, alpha -5.315, combined = 1.006e-09 rroots = 5
Sun Apr  2 23:47:46 2017  
Sun Apr  2 23:47:46 2017  commencing linear algebra
Sun Apr  2 23:47:46 2017  read 309576 cycles
Sun Apr  2 23:47:47 2017  cycles contain 1052368 unique relations
Sun Apr  2 23:47:50 2017  read 1052368 relations
Sun Apr  2 23:47:51 2017  using 20 quadratic characters above 134216262
Sun Apr  2 23:47:55 2017  building initial matrix
Sun Apr  2 23:48:03 2017  memory use: 130.6 MB
Sun Apr  2 23:48:03 2017  read 309576 cycles
Sun Apr  2 23:48:03 2017  matrix is 309398 x 309576 (94.7 MB) with weight 30076883 (97.16/col)
Sun Apr  2 23:48:03 2017  sparse part has weight 21106809 (68.18/col)
Sun Apr  2 23:48:05 2017  filtering completed in 2 passes
Sun Apr  2 23:48:05 2017  matrix is 309137 x 309315 (94.7 MB) with weight 30065692 (97.20/col)
Sun Apr  2 23:48:05 2017  sparse part has weight 21103165 (68.23/col)
Sun Apr  2 23:48:05 2017  matrix starts at (0, 0)
Sun Apr  2 23:48:05 2017  matrix is 309137 x 309315 (94.7 MB) with weight 30065692 (97.20/col)
Sun Apr  2 23:48:05 2017  sparse part has weight 21103165 (68.23/col)
Sun Apr  2 23:48:05 2017  saving the first 48 matrix rows for later
Sun Apr  2 23:48:05 2017  matrix includes 64 packed rows
Sun Apr  2 23:48:05 2017  matrix is 309089 x 309315 (90.8 MB) with weight 24063958 (77.80/col)
Sun Apr  2 23:48:05 2017  sparse part has weight 20713810 (66.97/col)
Sun Apr  2 23:48:05 2017  using block size 65536 for processor cache size 6144 kB
Sun Apr  2 23:48:06 2017  commencing Lanczos iteration (4 threads)
Sun Apr  2 23:48:06 2017  memory use: 76.2 MB
Sun Apr  2 23:48:18 2017  linear algebra at 3.9%, ETA 0h 4m
Sun Apr  2 23:53:08 2017  lanczos halted after 4889 iterations (dim = 309089)
Sun Apr  2 23:53:09 2017  recovered 34 nontrivial dependencies
Sun Apr  2 23:53:09 2017  BLanczosTime: 323
Sun Apr  2 23:53:09 2017  elapsed time 00:05:23
Sun Apr 02 23:53:09 2017 -> Running square root step ...
Sun Apr 02 23:53:09 2017 -> ./msieve -s ../../home/shannon/outside/ponder/ponderapr2017/c1.dat -l ../../home/shannon/outside/ponder/ponderapr2017/c1.log -i ../../home/shannon/outside/ponder/ponderapr2017/c1.ini -nf ../../home/shannon/outside/ponder/ponderapr2017/c1.fb -t 4 -nc3
Sun Apr  2 23:53:09 2017  
Sun Apr  2 23:53:09 2017  
Sun Apr  2 23:53:09 2017  Msieve v. 1.51
Sun Apr  2 23:53:09 2017  random seeds: 22776440 a286aa57
Sun Apr  2 23:53:09 2017  factoring 27771495424394652906650011597233066116343506387184320546233728271726480989807112498372640545334956743914011373 (110 digits)
Sun Apr  2 23:53:09 2017  searching for 15-digit factors
Sun Apr  2 23:53:09 2017  commencing number field sieve (110-digit input)
Sun Apr  2 23:53:09 2017  R0: -1096962005484834734515
Sun Apr  2 23:53:09 2017  R1: 74726411123
Sun Apr  2 23:53:09 2017  A0: 8122879518357385930740516
Sun Apr  2 23:53:09 2017  A1: 11751067561558618905239
Sun Apr  2 23:53:09 2017  A2: -262539807170976748
Sun Apr  2 23:53:09 2017  A3: -31775002231627
Sun Apr  2 23:53:09 2017  A4: 319388511
Sun Apr  2 23:53:09 2017  A5: 17484
Sun Apr  2 23:53:09 2017  skew 26950.38, size 1.623e-10, alpha -5.315, combined = 1.006e-09 rroots = 5
Sun Apr  2 23:53:09 2017  
Sun Apr  2 23:53:09 2017  commencing square root phase
Sun Apr  2 23:53:09 2017  reading relations for dependency 1
Sun Apr  2 23:53:09 2017  read 154857 cycles
Sun Apr  2 23:53:09 2017  cycles contain 527244 unique relations
Sun Apr  2 23:53:12 2017  read 527244 relations
Sun Apr  2 23:53:13 2017  multiplying 527244 relations
Sun Apr  2 23:53:31 2017  multiply complete, coefficients have about 22.37 million bits
Sun Apr  2 23:53:31 2017  initial square root is modulo 2652367
Sun Apr  2 23:53:55 2017  sqrtTime: 46
Sun Apr  2 23:53:55 2017  prp53 factor: 27409442019512990822647850170314237623576356233289777
Sun Apr  2 23:53:55 2017  prp58 factor: 1013209076077649209484940814946799145391416348710836269949
Sun Apr  2 23:53:55 2017  elapsed time 00:00:46
Sun Apr 02 23:53:55 2017 -> Computing 1.4912e+09 scale for this machine...
Sun Apr 02 23:53:55 2017 -> procrels -speedtest> PIPE
Sun Apr 02 23:53:59 2017 -> Factorization summary written to g110-c1.txt
